2026-02-28T00:43:11+0300 INFO: Старт робота: C:\Users\vboxuser\Desktop\PR1\resource\a6cc30f8-a1f2-463e-ad40-b5ea6b770f65\relay_798.py
2026-02-28T00:43:18+0300 INFO: Завершение работы робота: C:\Users\vboxuser\Desktop\PR1\resource\a6cc30f8-a1f2-463e-ad40-b5ea6b770f65\relay_798.py
2026-02-28T00:43:34+0300 INFO: Старт робота: C:\Users\vboxuser\Desktop\PR1\resource\fee0b41d-0674-4424-a4f2-8eab92d87bcf\relay_798.py
2026-02-28T00:43:35+0300 INFO: Завершение работы робота: C:\Users\vboxuser\Desktop\PR1\resource\fee0b41d-0674-4424-a4f2-8eab92d87bcf\relay_798.py
2026-02-28T00:43:44+0300 INFO: Старт робота: C:\Users\vboxuser\Desktop\PR1\resource\489a3811-0d23-45cf-b399-2ef8de866941\relay_798.py
2026-02-28T00:43:45+0300 INFO: Завершение работы робота: C:\Users\vboxuser\Desktop\PR1\resource\489a3811-0d23-45cf-b399-2ef8de866941\relay_798.py
2026-02-28T02:26:38+0300 INFO: Старт робота: C:\Users\vboxuser\Desktop\PR1\resource\6b032afe-b9b7-47aa-94db-28e869bd3132\relay_798.py
2026-02-28T02:26:53+0300 INFO: Завершение работы робота: C:\Users\vboxuser\Desktop\PR1\resource\6b032afe-b9b7-47aa-94db-28e869bd3132\relay_798.py
2026-02-28T04:01:52+0300 INFO: Запуск процесса из студии разработки. C:\Users\vboxuser\Desktop\PR1\process\Процесс 1.json
2026-02-28T04:01:59+0300 INFO: Старт робота: C:\Users\vboxuser\Desktop\PR1\resource\125db2b0-a170-4ecb-b383-9c3c34313865\relay_798.py
2026-02-28T04:02:07+0300 INFO: Завершение работы робота: C:\Users\vboxuser\Desktop\PR1\resource\125db2b0-a170-4ecb-b383-9c3c34313865\relay_798.py
2026-02-28T04:02:08+0300 INFO: Завершение выполнения процесса. C:\Users\vboxuser\Desktop\PR1\process\Процесс 1.json
2026-02-28T04:43:53+0300 INFO: Запуск процесса из студии разработки. C:\Users\vboxuser\Desktop\PR_1.2\process\Процесс 1.json
2026-02-28T04:43:58+0300 INFO: Старт робота: C:\Users\vboxuser\Desktop\PR_1.2\resource\eca27efc-c5bb-4736-b775-ef970b107797\relay_798.py
2026-02-28T04:43:59+0300 INFO: Завершение работы робота: C:\Users\vboxuser\Desktop\PR_1.2\resource\eca27efc-c5bb-4736-b775-ef970b107797\relay_798.py
2026-02-28T04:43:59+0300 INFO: Завершение выполнения процесса. C:\Users\vboxuser\Desktop\PR_1.2\process\Процесс 1.json
2026-02-28T05:10:37+0300 INFO: Запуск процесса из студии разработки. C:\Users\vboxuser\Desktop\PR_1.2\process\Процесс 1.json
2026-02-28T05:10:42+0300 INFO: Старт робота: C:\Users\vboxuser\Desktop\PR_1.2\resource\a335aabd-b893-4d64-ae10-525d918a4bce\relay_798.py
2026-02-28T05:10:42+0300 ERROR: C:\Users\vboxuser\Desktop\PR_1.2\resource\a335aabd-b893-4d64-ae10-525d918a4bce\relay_798.py Ошибка: cannot access local variable 'otnos_pyt' where it is not associated with a value
2026-02-28T05:10:42+0300 Окно выполнения: Процесс 1: ERROR:  ["cannot access local variable 'otnos_pyt' where it is not associated with a value"]
2026-02-28T05:10:49+0300 ERROR: Завершение выполнения процесса. C:\Users\vboxuser\Desktop\PR_1.2\process\Процесс 1.json
2026-02-28T05:47:02+0300 INFO: Запуск процесса из студии разработки. C:\Users\vboxuser\Desktop\PR_1.2\process\Процесс 1.json
2026-02-28T05:47:15+0300 INFO: Старт робота: C:\Users\vboxuser\Desktop\PR_1.2\resource\32c0f81c-562a-4378-95fc-1c6bebfbae34\relay_798.py
2026-02-28T05:47:16+0300 INFO: Завершение работы робота: C:\Users\vboxuser\Desktop\PR_1.2\resource\32c0f81c-562a-4378-95fc-1c6bebfbae34\relay_798.py
2026-02-28T05:47:20+0300 INFO: Завершение выполнения процесса. C:\Users\vboxuser\Desktop\PR_1.2\process\Процесс 1.json
