2026-03-07T11:31:01+0300 INFO: Запуск процесса из студии разработки. C:\Users\vboxuser\Desktop\PR2_Chernikov_RPA_Logic_Problem1\process\Процесс 1.json
2026-03-07T11:31:24+0300 INFO: Старт робота: C:\Users\vboxuser\Desktop\PR2_Chernikov_RPA_Logic_Problem1\resource\d5a61dba-760b-47ec-b09d-d63b6db9ad3f\byte_602.py
2026-03-07T11:31:26+0300 INFO: Завершение работы робота: C:\Users\vboxuser\Desktop\PR2_Chernikov_RPA_Logic_Problem1\resource\d5a61dba-760b-47ec-b09d-d63b6db9ad3f\byte_602.py
2026-03-07T11:31:26+0300 INFO: Завершение выполнения процесса. C:\Users\vboxuser\Desktop\PR2_Chernikov_RPA_Logic_Problem1\process\Процесс 1.json
2026-03-07T11:35:07+0300 INFO: Запуск процесса из студии разработки. C:\Users\vboxuser\Desktop\PR2_Chernikov_RPA_Logic_Problem1\process\Процесс 1.json
2026-03-07T11:35:12+0300 INFO: Старт робота: C:\Users\vboxuser\Desktop\PR2_Chernikov_RPA_Logic_Problem1\resource\d268018e-8449-475d-9b5a-22d81c31de34\byte_602.py
2026-03-07T11:35:27+0300 INFO: Завершение работы робота: C:\Users\vboxuser\Desktop\PR2_Chernikov_RPA_Logic_Problem1\resource\d268018e-8449-475d-9b5a-22d81c31de34\byte_602.py
2026-03-07T11:35:29+0300 INFO: Завершение выполнения процесса. C:\Users\vboxuser\Desktop\PR2_Chernikov_RPA_Logic_Problem1\process\Процесс 1.json
2026-03-07T11:35:49+0300 INFO: Запуск процесса из студии разработки. C:\Users\vboxuser\Desktop\PR2_Chernikov_RPA_Logic_Problem1\process\Процесс 1.json
2026-03-07T11:35:54+0300 INFO: Старт робота: C:\Users\vboxuser\Desktop\PR2_Chernikov_RPA_Logic_Problem1\resource\3b77c8e5-739c-4246-a7b4-8e40fcf68c74\byte_602.py
2026-03-07T11:36:05+0300 INFO: Завершение выполнения процесса. C:\Users\vboxuser\Desktop\PR2_Chernikov_RPA_Logic_Problem1\process\Процесс 1.json
2026-03-07T11:36:17+0300 INFO: Запуск процесса из студии разработки. C:\Users\vboxuser\Desktop\PR2_Chernikov_RPA_Logic_Problem1\process\Процесс 1.json
2026-03-07T11:36:21+0300 INFO: Старт робота: C:\Users\vboxuser\Desktop\PR2_Chernikov_RPA_Logic_Problem1\resource\87796cd0-df12-4b81-90f1-8ae4c1904fb3\byte_602.py
2026-03-07T11:36:43+0300 INFO: Завершение работы робота: C:\Users\vboxuser\Desktop\PR2_Chernikov_RPA_Logic_Problem1\resource\87796cd0-df12-4b81-90f1-8ae4c1904fb3\byte_602.py
2026-03-07T11:36:45+0300 INFO: Завершение выполнения процесса. C:\Users\vboxuser\Desktop\PR2_Chernikov_RPA_Logic_Problem1\process\Процесс 1.json
2026-03-07T11:38:20+0300 INFO: Запуск процесса из студии разработки. C:\Users\vboxuser\Desktop\PR2_Chernikov_RPA_Logic_Problem1\process\Процесс 1.json
2026-03-07T11:38:24+0300 INFO: Старт робота: C:\Users\vboxuser\Desktop\PR2_Chernikov_RPA_Logic_Problem1\resource\070080de-160e-48cf-b999-49cf8ab442fb\byte_602.py
2026-03-07T11:38:38+0300 INFO: Завершение выполнения процесса. C:\Users\vboxuser\Desktop\PR2_Chernikov_RPA_Logic_Problem1\process\Процесс 1.json
2026-03-07T11:44:15+0300 INFO: Запуск процесса из студии разработки. C:\Users\vboxuser\Desktop\PR2_Chernikov_RPA_Logic_Problem1\process\Процесс 1.json
2026-03-07T11:44:20+0300 INFO: Старт робота: C:\Users\vboxuser\Desktop\PR2_Chernikov_RPA_Logic_Problem1\resource\44f66bc5-3a1f-4a48-95aa-c4e2a85b25f7\byte_602.py
2026-03-07T11:44:33+0300 INFO: Завершение выполнения процесса. C:\Users\vboxuser\Desktop\PR2_Chernikov_RPA_Logic_Problem1\process\Процесс 1.json
2026-03-07T11:44:38+0300 INFO: Запуск процесса из студии разработки. C:\Users\vboxuser\Desktop\PR2_Chernikov_RPA_Logic_Problem1\process\Процесс 1.json
2026-03-07T11:44:43+0300 INFO: Старт робота: C:\Users\vboxuser\Desktop\PR2_Chernikov_RPA_Logic_Problem1\resource\933468eb-133a-4411-813b-ef743f444d7e\byte_602.py
2026-03-07T11:44:44+0300 ERROR: C:\Users\vboxuser\Desktop\PR2_Chernikov_RPA_Logic_Problem1\resource\933468eb-133a-4411-813b-ef743f444d7e\byte_602.py Ошибка: 'E'
2026-03-07T11:44:44+0300 Окно выполнения: Процесс 1: ERROR:  ["'E'"]
2026-03-07T11:44:47+0300 ERROR: Завершение выполнения процесса. C:\Users\vboxuser\Desktop\PR2_Chernikov_RPA_Logic_Problem1\process\Процесс 1.json
2026-03-07T12:03:28+0300 INFO: Запуск процесса из студии разработки. C:\Users\vboxuser\Desktop\PR2_Chernikov_RPA_Logic_Problem1\process\Процесс 1.json
2026-03-07T12:03:34+0300 Окно выполнения: Процесс 1: ERROR:  ["stderr:","Traceback (most recent call last):\r\n  File \"C:\\Users\\vboxuser\\Desktop\\PR2_Chernikov_RPA_Logic_Problem1\\resource\\dc1ce6e3-8035-4017-8c35-c531601e4f34\\byte_602.py\", line 28, in <module>\r\n    import write_to_excel\r\nModuleNotFoundError: No module named 'write_to_excel'\r\n"]
2026-03-07T12:03:41+0300 ERROR: Завершение выполнения процесса. C:\Users\vboxuser\Desktop\PR2_Chernikov_RPA_Logic_Problem1\process\Процесс 1.json
2026-03-07T12:05:01+0300 INFO: Запуск процесса из студии разработки. C:\Users\vboxuser\Desktop\PR2_Chernikov_RPA_Logic_Problem1\process\Процесс 1.json
2026-03-07T12:05:06+0300 Окно выполнения: Процесс 1: ERROR:  ["stderr:","Traceback (most recent call last):\r\n  File \"C:\\Users\\vboxuser\\Desktop\\PR2_Chernikov_RPA_Logic_Problem1\\resource\\46a59a55-8262-4e6a-943f-aff558890b20\\byte_602.py\", line 28, in <module>\r\n    import write_to_excel\r\nModuleNotFoundError: No module named 'write_to_excel'\r\n"]
2026-03-07T12:05:10+0300 ERROR: Завершение выполнения процесса. C:\Users\vboxuser\Desktop\PR2_Chernikov_RPA_Logic_Problem1\process\Процесс 1.json
2026-03-07T12:05:33+0300 INFO: Запуск процесса из студии разработки. C:\Users\vboxuser\Desktop\PR2_Chernikov_RPA_Logic_Problem1\process\Процесс 1.json
2026-03-07T12:05:39+0300 Окно выполнения: Процесс 1: ERROR:  ["stderr:","Traceback (most recent call last):\r\n  File \"C:\\Users\\vboxuser\\Desktop\\PR2_Chernikov_RPA_Logic_Problem1\\resource\\fb76177f-45df-4745-aa95-d08bfc8ab5ed\\byte_602.py\", line 28, in <module>\r\n    import write_to_excel\r\nModuleNotFoundError: No module named 'write_to_excel'\r\n"]
2026-03-07T12:05:53+0300 ERROR: Завершение выполнения процесса. C:\Users\vboxuser\Desktop\PR2_Chernikov_RPA_Logic_Problem1\process\Процесс 1.json
2026-03-07T12:06:46+0300 INFO: Запуск процесса из студии разработки. C:\Users\vboxuser\Desktop\PR2_Chernikov_RPA_Logic_Problem1\process\Процесс 1.json
2026-03-07T12:06:52+0300 INFO: Старт робота: C:\Users\vboxuser\Desktop\PR2_Chernikov_RPA_Logic_Problem1\resource\4b63945b-cdf9-4a85-aae3-f77f17ce2e38\byte_602.py
2026-03-07T12:06:52+0300 ERROR: C:\Users\vboxuser\Desktop\PR2_Chernikov_RPA_Logic_Problem1\resource\4b63945b-cdf9-4a85-aae3-f77f17ce2e38\byte_602.py Ошибка: 'A'
2026-03-07T12:06:52+0300 Окно выполнения: Процесс 1: ERROR:  ["'A'"]
2026-03-07T12:07:01+0300 ERROR: Завершение выполнения процесса. C:\Users\vboxuser\Desktop\PR2_Chernikov_RPA_Logic_Problem1\process\Процесс 1.json
2026-03-07T12:08:20+0300 INFO: Запуск процесса из студии разработки. C:\Users\vboxuser\Desktop\PR2_Chernikov_RPA_Logic_Problem1\process\Процесс 1.json
2026-03-07T12:08:26+0300 INFO: Старт робота: C:\Users\vboxuser\Desktop\PR2_Chernikov_RPA_Logic_Problem1\resource\26da6b87-0705-469d-83cd-737dc89602c7\byte_602.py
2026-03-07T12:08:26+0300 ERROR: C:\Users\vboxuser\Desktop\PR2_Chernikov_RPA_Logic_Problem1\resource\26da6b87-0705-469d-83cd-737dc89602c7\byte_602.py Ошибка: 0
2026-03-07T12:08:34+0300 Окно выполнения: Процесс 1: ERROR:  ["0"]
2026-03-07T12:08:41+0300 ERROR: Завершение выполнения процесса. C:\Users\vboxuser\Desktop\PR2_Chernikov_RPA_Logic_Problem1\process\Процесс 1.json
2026-03-07T12:09:41+0300 INFO: Запуск процесса из студии разработки. C:\Users\vboxuser\Desktop\PR2_Chernikov_RPA_Logic_Problem1\process\Процесс 1.json
2026-03-07T12:09:46+0300 INFO: Старт робота: C:\Users\vboxuser\Desktop\PR2_Chernikov_RPA_Logic_Problem1\resource\99e93751-f2b0-40c3-8c9c-a7d7d8c2c346\byte_602.py
2026-03-07T12:09:46+0300 ERROR: C:\Users\vboxuser\Desktop\PR2_Chernikov_RPA_Logic_Problem1\resource\99e93751-f2b0-40c3-8c9c-a7d7d8c2c346\byte_602.py Ошибка: 0
2026-03-07T12:09:56+0300 Окно выполнения: Процесс 1: ERROR:  ["0"]
2026-03-07T12:10:07+0300 ERROR: Завершение выполнения процесса. C:\Users\vboxuser\Desktop\PR2_Chernikov_RPA_Logic_Problem1\process\Процесс 1.json
2026-03-07T12:12:00+0300 INFO: Запуск процесса из студии разработки. C:\Users\vboxuser\Desktop\PR2_Chernikov_RPA_Logic_Problem1\process\Процесс 1.json
2026-03-07T12:12:06+0300 INFO: Старт робота: C:\Users\vboxuser\Desktop\PR2_Chernikov_RPA_Logic_Problem1\resource\b3f03741-514e-4068-a7ea-b3dd3b982844\byte_602.py
2026-03-07T12:12:06+0300 INFO: Данные прочитаны через pandas. Найдено строк: 50
2026-03-07T12:14:56+0300 INFO: Завершение работы робота: C:\Users\vboxuser\Desktop\PR2_Chernikov_RPA_Logic_Problem1\resource\b3f03741-514e-4068-a7ea-b3dd3b982844\byte_602.py
2026-03-07T12:14:58+0300 INFO: Завершение выполнения процесса. C:\Users\vboxuser\Desktop\PR2_Chernikov_RPA_Logic_Problem1\process\Процесс 1.json
2026-03-07T12:17:30+0300 INFO: Запуск процесса из студии разработки. C:\Users\vboxuser\Desktop\PR2_Chernikov_RPA_Logic_Problem1\process\Процесс 1.json
2026-03-07T12:17:36+0300 INFO: Старт робота: C:\Users\vboxuser\Desktop\PR2_Chernikov_RPA_Logic_Problem1\resource\26986018-89f0-49e3-826b-c62773e00a64\byte_602.py
2026-03-07T12:17:36+0300 INFO: Данные прочитаны через pandas. Найдено строк: 50
2026-03-07T12:17:42+0300 INFO: Завершение выполнения процесса. C:\Users\vboxuser\Desktop\PR2_Chernikov_RPA_Logic_Problem1\process\Процесс 1.json
2026-03-07T22:10:28+0300 INFO: Запуск процесса из студии разработки. C:\Users\vboxuser\Desktop\PR2_Chernikov_RPA_Logic_Problem1\process\Процесс 1.json
2026-03-07T22:10:55+0300 INFO: Старт робота: C:\Users\vboxuser\Desktop\PR2_Chernikov_RPA_Logic_Problem1\resource\c21c9233-18dc-4ec4-b2cc-aa4a70c8cc38\byte_602.py
2026-03-07T22:10:57+0300 INFO: Завершение работы робота: C:\Users\vboxuser\Desktop\PR2_Chernikov_RPA_Logic_Problem1\resource\c21c9233-18dc-4ec4-b2cc-aa4a70c8cc38\byte_602.py
2026-03-07T22:10:54+0300 INFO: Завершение выполнения процесса. C:\Users\vboxuser\Desktop\PR2_Chernikov_RPA_Logic_Problem1\process\Процесс 1.json
2026-03-07T22:11:21+0300 INFO: Запуск процесса из студии разработки. C:\Users\vboxuser\Desktop\PR2_Chernikov_RPA_Logic_Problem1\process\Процесс 1.json
2026-03-07T22:11:25+0300 INFO: Старт робота: C:\Users\vboxuser\Desktop\PR2_Chernikov_RPA_Logic_Problem1\resource\66c17bf1-aa1c-47f2-9292-d1ec7854248e\byte_602.py
2026-03-07T22:11:35+0300 INFO: Завершение выполнения процесса. C:\Users\vboxuser\Desktop\PR2_Chernikov_RPA_Logic_Problem1\process\Процесс 1.json
2026-03-07T22:56:02+0300 INFO: Запуск процесса из студии разработки. C:\Users\vboxuser\Desktop\PR2_Chernikov_RPA_Logic_Problem1\process\Процесс 1.json
2026-03-07T22:56:06+0300 INFO: Старт робота: C:\Users\vboxuser\Desktop\PR2_Chernikov_RPA_Logic_Problem1\resource\2d2ef3c3-9c11-40fc-9e72-c79308cae60a\byte_602.py
2026-03-07T22:56:07+0300 ERROR: C:\Users\vboxuser\Desktop\PR2_Chernikov_RPA_Logic_Problem1\resource\2d2ef3c3-9c11-40fc-9e72-c79308cae60a\byte_602.py Ошибка: argument of type 'float' is not iterable
2026-03-07T22:56:07+0300 Окно выполнения: Процесс 1: ERROR:  ["argument of type 'float' is not iterable"]
2026-03-07T22:56:15+0300 ERROR: Завершение выполнения процесса. C:\Users\vboxuser\Desktop\PR2_Chernikov_RPA_Logic_Problem1\process\Процесс 1.json
2026-03-07T22:57:11+0300 INFO: Запуск процесса из студии разработки. C:\Users\vboxuser\Desktop\PR2_Chernikov_RPA_Logic_Problem1\process\Процесс 1.json
2026-03-07T22:57:16+0300 INFO: Старт робота: C:\Users\vboxuser\Desktop\PR2_Chernikov_RPA_Logic_Problem1\resource\ccf96c89-07b8-48f7-bd1f-c9d60f18f41d\byte_602.py
2026-03-07T22:57:17+0300 INFO: Завершение работы робота: C:\Users\vboxuser\Desktop\PR2_Chernikov_RPA_Logic_Problem1\resource\ccf96c89-07b8-48f7-bd1f-c9d60f18f41d\byte_602.py
2026-03-07T22:57:17+0300 INFO: Завершение выполнения процесса. C:\Users\vboxuser\Desktop\PR2_Chernikov_RPA_Logic_Problem1\process\Процесс 1.json
2026-03-07T23:35:12+0300 INFO: Запуск процесса из студии разработки. C:\Users\vboxuser\Desktop\PR2_Chernikov_RPA_Logic_Problem1\process\Процесс 1.json
2026-03-07T23:35:19+0300 INFO: Старт робота: C:\Users\vboxuser\Desktop\PR2_Chernikov_RPA_Logic_Problem1\resource\186eafcf-8322-4063-b96c-a76d73966b12\byte_602.py
2026-03-07T23:35:19+0300 ERROR: C:\Users\vboxuser\Desktop\PR2_Chernikov_RPA_Logic_Problem1\resource\186eafcf-8322-4063-b96c-a76d73966b12\byte_602.py Ошибка: [Errno 13] Permission denied: 'C:\\Users\\vboxuser\\Desktop\\PR2_Chernikov_RPA_Logic_Problem1\\resource\\GymBookings_Result.xlsx'
2026-03-07T23:35:20+0300 Окно выполнения: Процесс 1: ERROR:  ["[Errno 13] Permission denied: 'C:\\\\Users\\\\vboxuser\\\\Desktop\\\\PR2_Chernikov_RPA_Logic_Problem1\\\\resource\\\\GymBookings_Result.xlsx'"]
2026-03-07T23:35:23+0300 ERROR: Завершение выполнения процесса. C:\Users\vboxuser\Desktop\PR2_Chernikov_RPA_Logic_Problem1\process\Процесс 1.json
2026-03-07T23:36:01+0300 INFO: Запуск процесса из студии разработки. C:\Users\vboxuser\Desktop\PR2_Chernikov_RPA_Logic_Problem1\process\Процесс 1.json
2026-03-07T23:36:07+0300 INFO: Старт робота: C:\Users\vboxuser\Desktop\PR2_Chernikov_RPA_Logic_Problem1\resource\ce7b3956-5e2b-4fe0-a442-e6dec22fcee1\byte_602.py
2026-03-07T23:36:07+0300 ERROR: C:\Users\vboxuser\Desktop\PR2_Chernikov_RPA_Logic_Problem1\resource\ce7b3956-5e2b-4fe0-a442-e6dec22fcee1\byte_602.py Ошибка: [Errno 13] Permission denied: 'C:\\Users\\vboxuser\\Desktop\\PR2_Chernikov_RPA_Logic_Problem1\\resource\\GymBookings_Result.xlsx'
2026-03-07T23:36:07+0300 Окно выполнения: Процесс 1: ERROR:  ["[Errno 13] Permission denied: 'C:\\\\Users\\\\vboxuser\\\\Desktop\\\\PR2_Chernikov_RPA_Logic_Problem1\\\\resource\\\\GymBookings_Result.xlsx'"]
2026-03-07T23:36:24+0300 ERROR: Завершение выполнения процесса. C:\Users\vboxuser\Desktop\PR2_Chernikov_RPA_Logic_Problem1\process\Процесс 1.json
2026-03-07T23:38:47+0300 INFO: Запуск процесса из студии разработки. C:\Users\vboxuser\Desktop\PR2_Chernikov_RPA_Logic_Problem1\process\Процесс 1.json
2026-03-07T23:38:53+0300 INFO: Старт робота: C:\Users\vboxuser\Desktop\PR2_Chernikov_RPA_Logic_Problem1\resource\6d896711-dcbb-46ad-9026-dc4166c0b914\byte_602.py
2026-03-07T23:38:53+0300 ERROR: C:\Users\vboxuser\Desktop\PR2_Chernikov_RPA_Logic_Problem1\resource\6d896711-dcbb-46ad-9026-dc4166c0b914\byte_602.py Ошибка: [Errno 13] Permission denied: 'C:\\Users\\vboxuser\\Desktop\\PR2_Chernikov_RPA_Logic_Problem1\\resource\\GymBookings_Result.xlsx'
2026-03-07T23:38:53+0300 Окно выполнения: Процесс 1: ERROR:  ["[Errno 13] Permission denied: 'C:\\\\Users\\\\vboxuser\\\\Desktop\\\\PR2_Chernikov_RPA_Logic_Problem1\\\\resource\\\\GymBookings_Result.xlsx'"]
2026-03-07T23:39:08+0300 ERROR: Завершение выполнения процесса. C:\Users\vboxuser\Desktop\PR2_Chernikov_RPA_Logic_Problem1\process\Процесс 1.json
2026-03-07T23:39:26+0300 INFO: Запуск процесса из студии разработки. C:\Users\vboxuser\Desktop\PR2_Chernikov_RPA_Logic_Problem1\process\Процесс 1.json
2026-03-07T23:39:32+0300 INFO: Старт робота: C:\Users\vboxuser\Desktop\PR2_Chernikov_RPA_Logic_Problem1\resource\b3851fff-576d-48bf-a8f3-957d66016641\byte_602.py
2026-03-07T23:39:33+0300 ERROR: C:\Users\vboxuser\Desktop\PR2_Chernikov_RPA_Logic_Problem1\resource\b3851fff-576d-48bf-a8f3-957d66016641\byte_602.py Ошибка: '<=' not supported between instances of 'datetime.timedelta' and 'int'
2026-03-07T23:39:33+0300 Окно выполнения: Процесс 1: ERROR:  ["'<=' not supported between instances of 'datetime.timedelta' and 'int'"]
2026-03-07T23:39:59+0300 ERROR: Завершение выполнения процесса. C:\Users\vboxuser\Desktop\PR2_Chernikov_RPA_Logic_Problem1\process\Процесс 1.json
2026-03-07T23:41:16+0300 INFO: Запуск процесса из студии разработки. C:\Users\vboxuser\Desktop\PR2_Chernikov_RPA_Logic_Problem1\process\Процесс 1.json
2026-03-07T23:41:22+0300 INFO: Старт робота: C:\Users\vboxuser\Desktop\PR2_Chernikov_RPA_Logic_Problem1\resource\19680d14-4f9f-4708-a7dc-c9ad4d4ad234\byte_602.py
2026-03-07T23:41:55+0300 INFO: Завершение выполнения процесса. C:\Users\vboxuser\Desktop\PR2_Chernikov_RPA_Logic_Problem1\process\Процесс 1.json
2026-03-07T23:42:06+0300 INFO: Запуск процесса из студии разработки. C:\Users\vboxuser\Desktop\PR2_Chernikov_RPA_Logic_Problem1\process\Процесс 1.json
2026-03-07T23:42:11+0300 INFO: Старт робота: C:\Users\vboxuser\Desktop\PR2_Chernikov_RPA_Logic_Problem1\resource\4caff69f-4e32-42cb-84e3-e50b8f0a9cb7\byte_602.py
2026-03-07T23:42:25+0300 ERROR: C:\Users\vboxuser\Desktop\PR2_Chernikov_RPA_Logic_Problem1\resource\4caff69f-4e32-42cb-84e3-e50b8f0a9cb7\byte_602.py Ошибка: '<=' not supported between instances of 'datetime.timedelta' and 'int'
2026-03-07T23:42:25+0300 Окно выполнения: Процесс 1: ERROR:  ["'<=' not supported between instances of 'datetime.timedelta' and 'int'"]
2026-03-07T23:42:32+0300 ERROR: Завершение выполнения процесса. C:\Users\vboxuser\Desktop\PR2_Chernikov_RPA_Logic_Problem1\process\Процесс 1.json
2026-03-07T23:52:54+0300 INFO: Запуск процесса из студии разработки. C:\Users\vboxuser\Desktop\PR2_Chernikov_RPA_Logic_Problem1\process\Процесс 1.json
2026-03-07T23:52:59+0300 INFO: Старт робота: C:\Users\vboxuser\Desktop\PR2_Chernikov_RPA_Logic_Problem1\resource\46c696de-d499-467a-9e17-2339a6d54261\byte_602.py
2026-03-07T23:53:09+0300 INFO: Завершение выполнения процесса. C:\Users\vboxuser\Desktop\PR2_Chernikov_RPA_Logic_Problem1\process\Процесс 1.json
2026-03-07T23:53:27+0300 INFO: Запуск процесса из студии разработки. C:\Users\vboxuser\Desktop\PR2_Chernikov_RPA_Logic_Problem1\process\Процесс 1.json
2026-03-07T23:53:33+0300 INFO: Старт робота: C:\Users\vboxuser\Desktop\PR2_Chernikov_RPA_Logic_Problem1\resource\e96bca0d-4ccc-44aa-b730-1530415d38d6\byte_602.py
2026-03-07T23:53:33+0300 ERROR: C:\Users\vboxuser\Desktop\PR2_Chernikov_RPA_Logic_Problem1\resource\e96bca0d-4ccc-44aa-b730-1530415d38d6\byte_602.py Ошибка: String does not contain a date: 
2026-03-07T23:53:33+0300 Окно выполнения: Процесс 1: ERROR:  ["String does not contain a date: "]
2026-03-07T23:53:37+0300 ERROR: Завершение выполнения процесса. C:\Users\vboxuser\Desktop\PR2_Chernikov_RPA_Logic_Problem1\process\Процесс 1.json
2026-03-07T23:53:47+0300 INFO: Запуск процесса из студии разработки. C:\Users\vboxuser\Desktop\PR2_Chernikov_RPA_Logic_Problem1\process\Процесс 1.json
2026-03-07T23:53:53+0300 INFO: Старт робота: C:\Users\vboxuser\Desktop\PR2_Chernikov_RPA_Logic_Problem1\resource\c5440146-7347-4871-a271-544c985d8372\byte_602.py
2026-03-07T23:53:53+0300 ERROR: C:\Users\vboxuser\Desktop\PR2_Chernikov_RPA_Logic_Problem1\resource\c5440146-7347-4871-a271-544c985d8372\byte_602.py Ошибка: day is out of range for month: 0
2026-03-07T23:53:53+0300 Окно выполнения: Процесс 1: ERROR:  ["day is out of range for month: 0"]
2026-03-07T23:54:00+0300 ERROR: Завершение выполнения процесса. C:\Users\vboxuser\Desktop\PR2_Chernikov_RPA_Logic_Problem1\process\Процесс 1.json
2026-03-07T23:54:18+0300 INFO: Запуск процесса из студии разработки. C:\Users\vboxuser\Desktop\PR2_Chernikov_RPA_Logic_Problem1\process\Процесс 1.json
2026-03-07T23:54:24+0300 INFO: Старт робота: C:\Users\vboxuser\Desktop\PR2_Chernikov_RPA_Logic_Problem1\resource\ee393919-c22b-421a-acec-c11a0fc2da78\byte_602.py
2026-03-07T23:54:24+0300 ERROR: C:\Users\vboxuser\Desktop\PR2_Chernikov_RPA_Logic_Problem1\resource\ee393919-c22b-421a-acec-c11a0fc2da78\byte_602.py Ошибка: month must be in 1..12: 0.0.0
2026-03-07T23:54:25+0300 Окно выполнения: Процесс 1: ERROR:  ["month must be in 1..12: 0.0.0"]
2026-03-07T23:54:31+0300 ERROR: Завершение выполнения процесса. C:\Users\vboxuser\Desktop\PR2_Chernikov_RPA_Logic_Problem1\process\Процесс 1.json
2026-03-07T23:54:45+0300 INFO: Запуск процесса из студии разработки. C:\Users\vboxuser\Desktop\PR2_Chernikov_RPA_Logic_Problem1\process\Процесс 1.json
2026-03-07T23:54:48+0300 INFO: Старт робота: C:\Users\vboxuser\Desktop\PR2_Chernikov_RPA_Logic_Problem1\resource\dc393e32-1072-4ce7-aec7-77fe924ac303\byte_602.py
2026-03-07T23:54:48+0300 ERROR: C:\Users\vboxuser\Desktop\PR2_Chernikov_RPA_Logic_Problem1\resource\dc393e32-1072-4ce7-aec7-77fe924ac303\byte_602.py Ошибка: month must be in 1..12: 0.1.0
2026-03-07T23:54:48+0300 Окно выполнения: Процесс 1: ERROR:  ["month must be in 1..12: 0.1.0"]
2026-03-07T23:54:55+0300 ERROR: Завершение выполнения процесса. C:\Users\vboxuser\Desktop\PR2_Chernikov_RPA_Logic_Problem1\process\Процесс 1.json
2026-03-07T23:55:08+0300 INFO: Запуск процесса из студии разработки. C:\Users\vboxuser\Desktop\PR2_Chernikov_RPA_Logic_Problem1\process\Процесс 1.json
2026-03-07T23:55:12+0300 INFO: Старт робота: C:\Users\vboxuser\Desktop\PR2_Chernikov_RPA_Logic_Problem1\resource\da8c330b-6c4f-4d87-a759-daa51533cf04\byte_602.py
2026-03-07T23:55:26+0300 INFO: Завершение выполнения процесса. C:\Users\vboxuser\Desktop\PR2_Chernikov_RPA_Logic_Problem1\process\Процесс 1.json
2026-03-07T23:55:33+0300 INFO: Запуск процесса из студии разработки. C:\Users\vboxuser\Desktop\PR2_Chernikov_RPA_Logic_Problem1\process\Процесс 1.json
2026-03-07T23:55:57+0300 INFO: Старт робота: C:\Users\vboxuser\Desktop\PR2_Chernikov_RPA_Logic_Problem1\resource\727200e2-0ca4-4c1f-bf34-488c5918dadf\byte_602.py
2026-03-07T23:55:57+0300 ERROR: C:\Users\vboxuser\Desktop\PR2_Chernikov_RPA_Logic_Problem1\resource\727200e2-0ca4-4c1f-bf34-488c5918dadf\byte_602.py Ошибка: year 0 is out of range: 1.1.0000
2026-03-07T23:55:57+0300 Окно выполнения: Процесс 1: ERROR:  ["year 0 is out of range: 1.1.0000"]
2026-03-07T23:56:05+0300 ERROR: Завершение выполнения процесса. C:\Users\vboxuser\Desktop\PR2_Chernikov_RPA_Logic_Problem1\process\Процесс 1.json
2026-03-08T00:00:41+0300 INFO: Запуск процесса из студии разработки. C:\Users\vboxuser\Desktop\PR2_Chernikov_RPA_Logic_Problem1\process\Процесс 1.json
2026-03-08T00:00:46+0300 Окно выполнения: Процесс 1: ERROR:  ["unsupported operand type(s) for -: 'str' and 'str'"]
2026-03-08T00:00:53+0300 ERROR: Завершение выполнения процесса. C:\Users\vboxuser\Desktop\PR2_Chernikov_RPA_Logic_Problem1\process\Процесс 1.json
2026-03-08T00:03:20+0300 INFO: Запуск процесса из студии разработки. C:\Users\vboxuser\Desktop\PR2_Chernikov_RPA_Logic_Problem1\process\Процесс 1.json
2026-03-08T00:03:25+0300 Окно выполнения: Процесс 1: ERROR:  ["Неподдерживаемый формат даты: 2026-03-08"]
2026-03-08T00:03:33+0300 ERROR: Завершение выполнения процесса. C:\Users\vboxuser\Desktop\PR2_Chernikov_RPA_Logic_Problem1\process\Процесс 1.json
2026-03-08T00:04:27+0300 INFO: Запуск процесса из студии разработки. C:\Users\vboxuser\Desktop\PR2_Chernikov_RPA_Logic_Problem1\process\Процесс 1.json
2026-03-08T00:04:33+0300 Окно выполнения: Процесс 1: ERROR:  ["Неподдерживаемый формат даты: 2026-03-08"]
2026-03-08T00:04:39+0300 ERROR: Завершение выполнения процесса. C:\Users\vboxuser\Desktop\PR2_Chernikov_RPA_Logic_Problem1\process\Процесс 1.json
2026-03-08T00:05:04+0300 INFO: Запуск процесса из студии разработки. C:\Users\vboxuser\Desktop\PR2_Chernikov_RPA_Logic_Problem1\process\Процесс 1.json
2026-03-08T00:05:10+0300 Окно выполнения: Процесс 1: ERROR:  ["Неподдерживаемый формат даты: 2026-03-08"]
2026-03-08T00:05:14+0300 ERROR: Завершение выполнения процесса. C:\Users\vboxuser\Desktop\PR2_Chernikov_RPA_Logic_Problem1\process\Процесс 1.json
2026-03-08T00:09:06+0300 INFO: Запуск процесса из студии разработки. C:\Users\vboxuser\Desktop\PR2_Chernikov_RPA_Logic_Problem1\process\Процесс 1.json
2026-03-08T00:09:11+0300 Окно выполнения: Процесс 1: ERROR:  ["'datetime.timedelta' object has no attribute 'toordinal'"]
2026-03-08T00:10:06+0300 ERROR: Завершение выполнения процесса. C:\Users\vboxuser\Desktop\PR2_Chernikov_RPA_Logic_Problem1\process\Процесс 1.json
2026-03-08T00:11:15+0300 INFO: Запуск процесса из студии разработки. C:\Users\vboxuser\Desktop\PR2_Chernikov_RPA_Logic_Problem1\process\Процесс 1.json
2026-03-08T00:11:22+0300 Окно выполнения: Процесс 1: ERROR:  ["argument of type 'datetime.timedelta' is not iterable"]
2026-03-08T00:11:28+0300 ERROR: Завершение выполнения процесса. C:\Users\vboxuser\Desktop\PR2_Chernikov_RPA_Logic_Problem1\process\Процесс 1.json
2026-03-08T00:14:26+0300 INFO: Запуск процесса из студии разработки. C:\Users\vboxuser\Desktop\PR2_Chernikov_RPA_Logic_Problem1\process\Процесс 1.json
2026-03-08T00:14:32+0300 Окно выполнения: Процесс 1: ERROR:  ["argument of type 'datetime.timedelta' is not iterable"]
2026-03-08T00:14:33+0300 ERROR: Завершение выполнения процесса. C:\Users\vboxuser\Desktop\PR2_Chernikov_RPA_Logic_Problem1\process\Процесс 1.json
2026-03-08T00:14:37+0300 INFO: Запуск процесса из студии разработки. C:\Users\vboxuser\Desktop\PR2_Chernikov_RPA_Logic_Problem1\process\Процесс 1.json
2026-03-08T00:14:43+0300 Окно выполнения: Процесс 1: ERROR:  ["name 'timedelta' is not defined"]
2026-03-08T00:14:50+0300 ERROR: Завершение выполнения процесса. C:\Users\vboxuser\Desktop\PR2_Chernikov_RPA_Logic_Problem1\process\Процесс 1.json
2026-03-08T00:15:11+0300 INFO: Запуск процесса из студии разработки. C:\Users\vboxuser\Desktop\PR2_Chernikov_RPA_Logic_Problem1\process\Процесс 1.json
2026-03-08T00:15:16+0300 Окно выполнения: Процесс 1: ERROR:  ["argument of type 'datetime.timedelta' is not iterable"]
2026-03-08T00:15:22+0300 ERROR: Завершение выполнения процесса. C:\Users\vboxuser\Desktop\PR2_Chernikov_RPA_Logic_Problem1\process\Процесс 1.json
2026-03-08T00:16:00+0300 INFO: Запуск процесса из студии разработки. C:\Users\vboxuser\Desktop\PR2_Chernikov_RPA_Logic_Problem1\process\Процесс 1.json
2026-03-08T00:16:18+0300 INFO: Завершение выполнения процесса. C:\Users\vboxuser\Desktop\PR2_Chernikov_RPA_Logic_Problem1\process\Процесс 1.json
2026-03-08T00:17:21+0300 INFO: Запуск процесса из студии разработки. C:\Users\vboxuser\Desktop\PR2_Chernikov_RPA_Logic_Problem1\process\Процесс 1.json
2026-03-08T00:17:32+0300 INFO: Завершение выполнения процесса. C:\Users\vboxuser\Desktop\PR2_Chernikov_RPA_Logic_Problem1\process\Процесс 1.json
