2026-04-17T12:24:03+0300 INFO: Запуск процесса из студии разработки. C:\Users\vboxuser\Documents\PR8_Chernikov_RPA_Desktop_p2_ Problem2_var32\process\main.json
2026-04-17T12:24:20+0300 INFO: Старт робота: C:\Users\vboxuser\Documents\PR8_Chernikov_RPA_Desktop_p2_ Problem2_var32\resource\b7118dd4-0a24-41b4-8af4-ea3bf11a7639\functions.py
2026-04-17T12:24:21+0300 INFO: Старт робота: C:\Users\vboxuser\Documents\PR8_Chernikov_RPA_Desktop_p2_ Problem2_var32\resource\b7118dd4-0a24-41b4-8af4-ea3bf11a7639\main.py
2026-04-17T12:24:37+0300 INFO: Завершение работы робота: C:\Users\vboxuser\Documents\PR8_Chernikov_RPA_Desktop_p2_ Problem2_var32\resource\b7118dd4-0a24-41b4-8af4-ea3bf11a7639\main.py
2026-04-17T12:24:39+0300 INFO: Завершение выполнения процесса. C:\Users\vboxuser\Documents\PR8_Chernikov_RPA_Desktop_p2_ Problem2_var32\process\main.json
2026-04-17T12:32:18+0300 INFO: Запуск процесса из студии разработки. C:\Users\vboxuser\Documents\PR8_Chernikov_RPA_Desktop_p2_ Problem2_var32\process\main.json
2026-04-17T12:32:21+0300 INFO: Старт робота: C:\Users\vboxuser\Documents\PR8_Chernikov_RPA_Desktop_p2_ Problem2_var32\resource\c5e3f634-3235-4786-9fca-3013e5418520\functions.py
2026-04-17T12:32:22+0300 INFO: Старт робота: C:\Users\vboxuser\Documents\PR8_Chernikov_RPA_Desktop_p2_ Problem2_var32\resource\c5e3f634-3235-4786-9fca-3013e5418520\main.py
2026-04-17T12:32:45+0300 INFO: Завершение выполнения процесса. C:\Users\vboxuser\Documents\PR8_Chernikov_RPA_Desktop_p2_ Problem2_var32\process\main.json
2026-04-17T12:32:51+0300 INFO: Запуск процесса из студии разработки. C:\Users\vboxuser\Documents\PR8_Chernikov_RPA_Desktop_p2_ Problem2_var32\process\main.json
2026-04-17T12:32:55+0300 INFO: Старт робота: C:\Users\vboxuser\Documents\PR8_Chernikov_RPA_Desktop_p2_ Problem2_var32\resource\41e8a68d-34ff-464c-aa9c-00b16ecfb360\functions.py
2026-04-17T12:32:55+0300 INFO: Старт робота: C:\Users\vboxuser\Documents\PR8_Chernikov_RPA_Desktop_p2_ Problem2_var32\resource\41e8a68d-34ff-464c-aa9c-00b16ecfb360\main.py
2026-04-17T12:33:09+0300 INFO: Завершение выполнения процесса. C:\Users\vboxuser\Documents\PR8_Chernikov_RPA_Desktop_p2_ Problem2_var32\process\main.json
2026-04-17T12:41:42+0300 INFO: Запуск процесса из студии разработки. C:\Users\vboxuser\Documents\PR8_Chernikov_RPA_Desktop_p2_ Problem2_var32\process\main.json
2026-04-17T12:41:46+0300 INFO: Старт робота: C:\Users\vboxuser\Documents\PR8_Chernikov_RPA_Desktop_p2_ Problem2_var32\resource\5aae3f2e-7aae-4056-8ce1-fa84f13b727c\functions.py
2026-04-17T12:41:46+0300 INFO: Старт робота: C:\Users\vboxuser\Documents\PR8_Chernikov_RPA_Desktop_p2_ Problem2_var32\resource\5aae3f2e-7aae-4056-8ce1-fa84f13b727c\main.py
2026-04-17T12:42:28+0300 INFO: Завершение выполнения процесса. C:\Users\vboxuser\Documents\PR8_Chernikov_RPA_Desktop_p2_ Problem2_var32\process\main.json
2026-04-17T12:43:14+0300 INFO: Запуск процесса из студии разработки. C:\Users\vboxuser\Documents\PR8_Chernikov_RPA_Desktop_p2_ Problem2_var32\process\main.json
2026-04-17T12:43:17+0300 INFO: Старт робота: C:\Users\vboxuser\Documents\PR8_Chernikov_RPA_Desktop_p2_ Problem2_var32\resource\d46a1d2f-7b8d-4cda-b767-d72514af0fde\functions.py
2026-04-17T12:43:17+0300 INFO: Старт робота: C:\Users\vboxuser\Documents\PR8_Chernikov_RPA_Desktop_p2_ Problem2_var32\resource\d46a1d2f-7b8d-4cda-b767-d72514af0fde\main.py
2026-04-17T12:44:06+0300 INFO: Завершение работы робота: C:\Users\vboxuser\Documents\PR8_Chernikov_RPA_Desktop_p2_ Problem2_var32\resource\d46a1d2f-7b8d-4cda-b767-d72514af0fde\main.py
2026-04-17T12:44:09+0300 INFO: Завершение выполнения процесса. C:\Users\vboxuser\Documents\PR8_Chernikov_RPA_Desktop_p2_ Problem2_var32\process\main.json
2026-04-17T13:14:50+0300 INFO: Запуск процесса из студии разработки. C:\Users\vboxuser\Documents\PR8_Chernikov_RPA_Desktop_p2_ Problem2_var32\process\main.json
2026-04-17T13:14:54+0300 INFO: Старт робота: C:\Users\vboxuser\Documents\PR8_Chernikov_RPA_Desktop_p2_ Problem2_var32\resource\6f137a5e-7287-4648-969b-6f4d60235110\functions.py
2026-04-17T13:14:54+0300 INFO: Старт робота: C:\Users\vboxuser\Documents\PR8_Chernikov_RPA_Desktop_p2_ Problem2_var32\resource\6f137a5e-7287-4648-969b-6f4d60235110\main.py
2026-04-17T13:15:51+0300 ERROR: C:\Users\vboxuser\Documents\PR8_Chernikov_RPA_Desktop_p2_ Problem2_var32\resource\6f137a5e-7287-4648-969b-6f4d60235110\main.py Ошибка: Find Control Timeout(10s): {Name: 'Priority Строка 1, Не отсортировано.', ControlType: DataItemControl}
2026-04-17T13:15:52+0300 Окно выполнения: main: ERROR:  ["Find Control Timeout(10s): {Name: 'Priority Строка 1, Не отсортировано.', ControlType: DataItemControl}"]
2026-04-17T13:15:56+0300 ERROR: Завершение выполнения процесса. C:\Users\vboxuser\Documents\PR8_Chernikov_RPA_Desktop_p2_ Problem2_var32\process\main.json
2026-04-17T13:18:55+0300 INFO: Запуск процесса из студии разработки. C:\Users\vboxuser\Documents\PR8_Chernikov_RPA_Desktop_p2_ Problem2_var32\process\main.json
2026-04-17T13:19:00+0300 INFO: Старт робота: C:\Users\vboxuser\Documents\PR8_Chernikov_RPA_Desktop_p2_ Problem2_var32\resource\6a236b42-e062-4909-979c-8afe6df2ed53\functions.py
2026-04-17T13:19:01+0300 INFO: Старт робота: C:\Users\vboxuser\Documents\PR8_Chernikov_RPA_Desktop_p2_ Problem2_var32\resource\6a236b42-e062-4909-979c-8afe6df2ed53\main.py
2026-04-17T13:19:57+0300 ERROR: C:\Users\vboxuser\Documents\PR8_Chernikov_RPA_Desktop_p2_ Problem2_var32\resource\6a236b42-e062-4909-979c-8afe6df2ed53\main.py Ошибка: Find Control Timeout(10s): {Name: '5', ControlType: HeaderControl}
2026-04-17T13:19:57+0300 Окно выполнения: main: ERROR:  ["Find Control Timeout(10s): {Name: '5', ControlType: HeaderControl}"]
2026-04-17T13:20:03+0300 ERROR: Завершение выполнения процесса. C:\Users\vboxuser\Documents\PR8_Chernikov_RPA_Desktop_p2_ Problem2_var32\process\main.json
2026-04-17T13:22:39+0300 INFO: Запуск процесса из студии разработки. C:\Users\vboxuser\Documents\PR8_Chernikov_RPA_Desktop_p2_ Problem2_var32\process\main.json
2026-04-17T13:22:43+0300 INFO: Старт робота: C:\Users\vboxuser\Documents\PR8_Chernikov_RPA_Desktop_p2_ Problem2_var32\resource\50ccb964-28af-497e-9405-bf89dcc22cbe\functions.py
2026-04-17T13:22:43+0300 INFO: Старт робота: C:\Users\vboxuser\Documents\PR8_Chernikov_RPA_Desktop_p2_ Problem2_var32\resource\50ccb964-28af-497e-9405-bf89dcc22cbe\main.py
2026-04-17T13:24:07+0300 INFO: Завершение выполнения процесса. C:\Users\vboxuser\Documents\PR8_Chernikov_RPA_Desktop_p2_ Problem2_var32\process\main.json
2026-04-17T13:25:10+0300 INFO: Запуск процесса из студии разработки. C:\Users\vboxuser\Documents\PR8_Chernikov_RPA_Desktop_p2_ Problem2_var32\process\main.json
2026-04-17T13:25:14+0300 INFO: Старт робота: C:\Users\vboxuser\Documents\PR8_Chernikov_RPA_Desktop_p2_ Problem2_var32\resource\5070de10-ae6b-454f-8936-479486b99b6a\functions.py
2026-04-17T13:25:14+0300 INFO: Старт робота: C:\Users\vboxuser\Documents\PR8_Chernikov_RPA_Desktop_p2_ Problem2_var32\resource\5070de10-ae6b-454f-8936-479486b99b6a\main.py
2026-04-17T13:27:07+0300 INFO: Завершение выполнения процесса. C:\Users\vboxuser\Documents\PR8_Chernikov_RPA_Desktop_p2_ Problem2_var32\process\main.json
2026-04-17T15:04:08+0300 INFO: Запуск процесса из студии разработки. C:\Users\vboxuser\Documents\PR8_Chernikov_RPA_Desktop_p2_ Problem2_var32\process\main.json
2026-04-17T15:04:13+0300 INFO: Старт робота: C:\Users\vboxuser\Documents\PR8_Chernikov_RPA_Desktop_p2_ Problem2_var32\resource\f188c956-f0ab-428a-a7c8-11a7bb6c3cdf\functions.py
2026-04-17T15:04:13+0300 INFO: Старт робота: C:\Users\vboxuser\Documents\PR8_Chernikov_RPA_Desktop_p2_ Problem2_var32\resource\f188c956-f0ab-428a-a7c8-11a7bb6c3cdf\main.py
2026-04-17T15:04:44+0300 INFO: Завершение выполнения процесса. C:\Users\vboxuser\Documents\PR8_Chernikov_RPA_Desktop_p2_ Problem2_var32\process\main.json
2026-04-17T15:05:30+0300 INFO: Запуск процесса из студии разработки. C:\Users\vboxuser\Documents\PR8_Chernikov_RPA_Desktop_p2_ Problem2_var32\process\main.json
2026-04-17T15:05:36+0300 INFO: Старт робота: C:\Users\vboxuser\Documents\PR8_Chernikov_RPA_Desktop_p2_ Problem2_var32\resource\0d2e1e04-a985-40f8-bc9a-7e7d9165ee20\functions.py
2026-04-17T15:05:36+0300 INFO: Старт робота: C:\Users\vboxuser\Documents\PR8_Chernikov_RPA_Desktop_p2_ Problem2_var32\resource\0d2e1e04-a985-40f8-bc9a-7e7d9165ee20\main.py
2026-04-17T15:07:02+0300 INFO: Завершение выполнения процесса. C:\Users\vboxuser\Documents\PR8_Chernikov_RPA_Desktop_p2_ Problem2_var32\process\main.json
2026-04-17T15:07:34+0300 INFO: Запуск процесса из студии разработки. C:\Users\vboxuser\Documents\PR8_Chernikov_RPA_Desktop_p2_ Problem2_var32\process\main.json
2026-04-17T15:07:38+0300 INFO: Старт робота: C:\Users\vboxuser\Documents\PR8_Chernikov_RPA_Desktop_p2_ Problem2_var32\resource\5f0074db-6e47-415a-b20a-372566ea1dae\functions.py
2026-04-17T15:07:38+0300 INFO: Старт робота: C:\Users\vboxuser\Documents\PR8_Chernikov_RPA_Desktop_p2_ Problem2_var32\resource\5f0074db-6e47-415a-b20a-372566ea1dae\main.py
2026-04-17T15:08:23+0300 INFO: Завершение выполнения процесса. C:\Users\vboxuser\Documents\PR8_Chernikov_RPA_Desktop_p2_ Problem2_var32\process\main.json
2026-04-17T15:10:17+0300 INFO: Запуск процесса из студии разработки. C:\Users\vboxuser\Documents\PR8_Chernikov_RPA_Desktop_p2_ Problem2_var32\process\main.json
2026-04-17T15:10:22+0300 INFO: Старт робота: C:\Users\vboxuser\Documents\PR8_Chernikov_RPA_Desktop_p2_ Problem2_var32\resource\396755a1-4f6d-4729-90e0-211b67025bf5\functions.py
2026-04-17T15:10:22+0300 INFO: Старт робота: C:\Users\vboxuser\Documents\PR8_Chernikov_RPA_Desktop_p2_ Problem2_var32\resource\396755a1-4f6d-4729-90e0-211b67025bf5\main.py
2026-04-17T15:10:53+0300 INFO: Завершение выполнения процесса. C:\Users\vboxuser\Documents\PR8_Chernikov_RPA_Desktop_p2_ Problem2_var32\process\main.json
2026-04-17T15:23:52+0300 INFO: Запуск процесса из студии разработки. C:\Users\vboxuser\Documents\PR8_Chernikov_RPA_Desktop_p2_ Problem2_var32\process\main.json
2026-04-17T15:23:58+0300 INFO: Старт робота: C:\Users\vboxuser\Documents\PR8_Chernikov_RPA_Desktop_p2_ Problem2_var32\resource\5e28d88c-57da-4ad0-ada7-5de7f048036f\functions.py
2026-04-17T15:23:58+0300 INFO: Старт робота: C:\Users\vboxuser\Documents\PR8_Chernikov_RPA_Desktop_p2_ Problem2_var32\resource\5e28d88c-57da-4ad0-ada7-5de7f048036f\main.py
2026-04-17T15:24:43+0300 INFO: Завершение выполнения процесса. C:\Users\vboxuser\Documents\PR8_Chernikov_RPA_Desktop_p2_ Problem2_var32\process\main.json
2026-04-17T15:26:20+0300 INFO: Запуск процесса из студии разработки. C:\Users\vboxuser\Documents\PR8_Chernikov_RPA_Desktop_p2_ Problem2_var32\process\main.json
2026-04-17T15:26:25+0300 INFO: Старт робота: C:\Users\vboxuser\Documents\PR8_Chernikov_RPA_Desktop_p2_ Problem2_var32\resource\f8478c9e-c160-4476-a9b1-4a8bce35f824\functions.py
2026-04-17T15:26:25+0300 INFO: Старт робота: C:\Users\vboxuser\Documents\PR8_Chernikov_RPA_Desktop_p2_ Problem2_var32\resource\f8478c9e-c160-4476-a9b1-4a8bce35f824\main.py
2026-04-17T15:26:50+0300 ERROR: C:\Users\vboxuser\Documents\PR8_Chernikov_RPA_Desktop_p2_ Problem2_var32\resource\f8478c9e-c160-4476-a9b1-4a8bce35f824\main.py Ошибка: 4
2026-04-17T15:26:50+0300 Окно выполнения: main: ERROR:  ["4"]
2026-04-17T15:26:54+0300 ERROR: Завершение выполнения процесса. C:\Users\vboxuser\Documents\PR8_Chernikov_RPA_Desktop_p2_ Problem2_var32\process\main.json
2026-04-17T15:28:15+0300 INFO: Запуск процесса из студии разработки. C:\Users\vboxuser\Documents\PR8_Chernikov_RPA_Desktop_p2_ Problem2_var32\process\main.json
2026-04-17T15:28:21+0300 INFO: Старт робота: C:\Users\vboxuser\Documents\PR8_Chernikov_RPA_Desktop_p2_ Problem2_var32\resource\db2f9949-5d03-4124-862b-12f12cfc14f9\functions.py
2026-04-17T15:28:21+0300 INFO: Старт робота: C:\Users\vboxuser\Documents\PR8_Chernikov_RPA_Desktop_p2_ Problem2_var32\resource\db2f9949-5d03-4124-862b-12f12cfc14f9\main.py
2026-04-17T15:28:55+0300 ERROR: C:\Users\vboxuser\Documents\PR8_Chernikov_RPA_Desktop_p2_ Problem2_var32\resource\db2f9949-5d03-4124-862b-12f12cfc14f9\main.py Ошибка: 'Priority'
2026-04-17T15:28:55+0300 Окно выполнения: main: ERROR:  ["'Priority'"]
2026-04-17T15:28:58+0300 INFO: Завершение выполнения процесса. C:\Users\vboxuser\Documents\PR8_Chernikov_RPA_Desktop_p2_ Problem2_var32\process\main.json
2026-04-17T15:29:36+0300 INFO: Запуск процесса из студии разработки. C:\Users\vboxuser\Documents\PR8_Chernikov_RPA_Desktop_p2_ Problem2_var32\process\main.json
2026-04-17T15:29:42+0300 INFO: Старт робота: C:\Users\vboxuser\Documents\PR8_Chernikov_RPA_Desktop_p2_ Problem2_var32\resource\a6abe543-b7f6-4481-bc6a-a9403f4b8dad\functions.py
2026-04-17T15:29:42+0300 INFO: Старт робота: C:\Users\vboxuser\Documents\PR8_Chernikov_RPA_Desktop_p2_ Problem2_var32\resource\a6abe543-b7f6-4481-bc6a-a9403f4b8dad\main.py
2026-04-17T15:30:08+0300 ERROR: C:\Users\vboxuser\Documents\PR8_Chernikov_RPA_Desktop_p2_ Problem2_var32\resource\a6abe543-b7f6-4481-bc6a-a9403f4b8dad\main.py Ошибка: 5
2026-04-17T15:30:08+0300 Окно выполнения: main: ERROR:  ["5"]
2026-04-17T15:30:11+0300 INFO: Завершение выполнения процесса. C:\Users\vboxuser\Documents\PR8_Chernikov_RPA_Desktop_p2_ Problem2_var32\process\main.json
2026-04-17T17:02:54+0300 INFO: Запуск процесса из студии разработки. C:\Users\vboxuser\Documents\PR8_Chernikov_RPA_Desktop_p2_ Problem2_var32\process\main.json
2026-04-17T17:02:59+0300 INFO: Старт робота: C:\Users\vboxuser\Documents\PR8_Chernikov_RPA_Desktop_p2_ Problem2_var32\resource\f3b4a7d0-bac2-4871-8c04-a603a0ed92fc\functions.py
2026-04-17T17:02:59+0300 INFO: Старт робота: C:\Users\vboxuser\Documents\PR8_Chernikov_RPA_Desktop_p2_ Problem2_var32\resource\f3b4a7d0-bac2-4871-8c04-a603a0ed92fc\main.py
2026-04-17T17:03:40+0300 ERROR: C:\Users\vboxuser\Documents\PR8_Chernikov_RPA_Desktop_p2_ Problem2_var32\resource\f3b4a7d0-bac2-4871-8c04-a603a0ed92fc\main.py Ошибка: Find Control Timeout(10s): {Name: 'Строка 1', ControlType: CustomControl}
2026-04-17T17:03:40+0300 Окно выполнения: main: ERROR:  ["Find Control Timeout(10s): {Name: 'Строка 1', ControlType: CustomControl}"]
2026-04-17T17:03:41+0300 ERROR: Завершение выполнения процесса. C:\Users\vboxuser\Documents\PR8_Chernikov_RPA_Desktop_p2_ Problem2_var32\process\main.json
