2026-04-04T01:10:45+0300 INFO: Запуск процесса из студии разработки. C:\Users\vboxuser\Documents\PR6_Chernikov_RPA_DataFrame_ Problem1_var32\process\Процесс 1.json
2026-04-04T01:11:05+0300 Окно выполнения: Процесс 1: ERROR:  ["unsupported operand type(s) for -: 'str' and 'int'"]
2026-04-04T01:11:08+0300 ERROR: Завершение выполнения процесса. C:\Users\vboxuser\Documents\PR6_Chernikov_RPA_DataFrame_ Problem1_var32\process\Процесс 1.json
2026-04-04T01:12:18+0300 INFO: Запуск процесса из студии разработки. C:\Users\vboxuser\Documents\PR6_Chernikov_RPA_DataFrame_ Problem1_var32\process\Процесс 1.json
2026-04-04T01:12:23+0300 Окно выполнения: Процесс 1: ERROR:  ["unsupported operand type(s) for -: 'str' and 'int'"]
2026-04-04T01:12:31+0300 ERROR: Завершение выполнения процесса. C:\Users\vboxuser\Documents\PR6_Chernikov_RPA_DataFrame_ Problem1_var32\process\Процесс 1.json
2026-04-04T01:13:01+0300 INFO: Запуск процесса из студии разработки. C:\Users\vboxuser\Documents\PR6_Chernikov_RPA_DataFrame_ Problem1_var32\process\Процесс 1.json
2026-04-04T01:13:06+0300 INFO: Завершение выполнения процесса. C:\Users\vboxuser\Documents\PR6_Chernikov_RPA_DataFrame_ Problem1_var32\process\Процесс 1.json
2026-04-04T01:13:19+0300 INFO: Запуск процесса из студии разработки. C:\Users\vboxuser\Documents\PR6_Chernikov_RPA_DataFrame_ Problem1_var32\process\Процесс 1.json
2026-04-04T01:13:30+0300 Окно выполнения: Процесс 1: ERROR:  ["'priority'"]
2026-04-04T01:13:40+0300 ERROR: Завершение выполнения процесса. C:\Users\vboxuser\Documents\PR6_Chernikov_RPA_DataFrame_ Problem1_var32\process\Процесс 1.json
2026-04-04T01:14:33+0300 INFO: Запуск процесса из студии разработки. C:\Users\vboxuser\Documents\PR6_Chernikov_RPA_DataFrame_ Problem1_var32\process\Процесс 1.json
2026-04-04T01:14:39+0300 Окно выполнения: Процесс 1: ERROR:  ["'priority'"]
2026-04-04T01:14:52+0300 ERROR: Завершение выполнения процесса. C:\Users\vboxuser\Documents\PR6_Chernikov_RPA_DataFrame_ Problem1_var32\process\Процесс 1.json
2026-04-04T01:15:33+0300 INFO: Запуск процесса из студии разработки. C:\Users\vboxuser\Documents\PR6_Chernikov_RPA_DataFrame_ Problem1_var32\process\Процесс 1.json
2026-04-04T01:16:01+0300 Окно выполнения: Процесс 1: ERROR:  ["'priority'"]
2026-04-04T01:16:04+0300 INFO: Завершение выполнения процесса. C:\Users\vboxuser\Documents\PR6_Chernikov_RPA_DataFrame_ Problem1_var32\process\Процесс 1.json
2026-04-04T01:17:00+0300 INFO: Запуск процесса из студии разработки. C:\Users\vboxuser\Documents\PR6_Chernikov_RPA_DataFrame_ Problem1_var32\process\Процесс 1.json
2026-04-04T01:17:06+0300 Окно выполнения: Процесс 1: ERROR:  ["'priority'"]
2026-04-04T01:17:10+0300 ERROR: Завершение выполнения процесса. C:\Users\vboxuser\Documents\PR6_Chernikov_RPA_DataFrame_ Problem1_var32\process\Процесс 1.json
2026-04-04T01:17:30+0300 INFO: Запуск процесса из студии разработки. C:\Users\vboxuser\Documents\PR6_Chernikov_RPA_DataFrame_ Problem1_var32\process\Процесс 1.json
2026-04-04T01:17:46+0300 Окно выполнения: Процесс 1: ERROR:  ["0"]
2026-04-04T01:17:39+0300 ERROR: Завершение выполнения процесса. C:\Users\vboxuser\Documents\PR6_Chernikov_RPA_DataFrame_ Problem1_var32\process\Процесс 1.json
2026-04-04T01:18:13+0300 INFO: Запуск процесса из студии разработки. C:\Users\vboxuser\Documents\PR6_Chernikov_RPA_DataFrame_ Problem1_var32\process\Процесс 1.json
2026-04-04T01:18:18+0300 Окно выполнения: Процесс 1: ERROR:  ["0"]
2026-04-04T01:18:20+0300 ERROR: Завершение выполнения процесса. C:\Users\vboxuser\Documents\PR6_Chernikov_RPA_DataFrame_ Problem1_var32\process\Процесс 1.json
2026-04-04T01:18:52+0300 INFO: Запуск процесса из студии разработки. C:\Users\vboxuser\Documents\PR6_Chernikov_RPA_DataFrame_ Problem1_var32\process\Процесс 1.json
2026-04-04T01:18:47+0300 Окно выполнения: Процесс 1: ERROR:  ["'priority'"]
2026-04-04T01:19:03+0300 ERROR: Завершение выполнения процесса. C:\Users\vboxuser\Documents\PR6_Chernikov_RPA_DataFrame_ Problem1_var32\process\Процесс 1.json
2026-04-04T01:18:58+0300 INFO: Запуск процесса из студии разработки. C:\Users\vboxuser\Documents\PR6_Chernikov_RPA_DataFrame_ Problem1_var32\process\Процесс 1.json
2026-04-04T01:19:04+0300 Окно выполнения: Процесс 1: ERROR:  ["'priority'"]
2026-04-04T01:19:08+0300 ERROR: Завершение выполнения процесса. C:\Users\vboxuser\Documents\PR6_Chernikov_RPA_DataFrame_ Problem1_var32\process\Процесс 1.json
2026-04-04T01:25:59+0300 INFO: Запуск процесса из студии разработки. C:\Users\vboxuser\Documents\PR6_Chernikov_RPA_DataFrame_ Problem1_var32\process\Процесс 1.json
2026-04-04T01:26:04+0300 Окно выполнения: Процесс 1: ERROR:  ["'\"priority\"'"]
2026-04-04T01:26:10+0300 ERROR: Завершение выполнения процесса. C:\Users\vboxuser\Documents\PR6_Chernikov_RPA_DataFrame_ Problem1_var32\process\Процесс 1.json
2026-04-04T01:26:21+0300 INFO: Запуск процесса из студии разработки. C:\Users\vboxuser\Documents\PR6_Chernikov_RPA_DataFrame_ Problem1_var32\process\Процесс 1.json
2026-04-04T01:26:26+0300 Окно выполнения: Процесс 1: ERROR:  ["'\"priority\"'"]
2026-04-04T01:26:30+0300 ERROR: Завершение выполнения процесса. C:\Users\vboxuser\Documents\PR6_Chernikov_RPA_DataFrame_ Problem1_var32\process\Процесс 1.json
2026-04-04T01:26:34+0300 INFO: Запуск процесса из студии разработки. C:\Users\vboxuser\Documents\PR6_Chernikov_RPA_DataFrame_ Problem1_var32\process\Процесс 1.json
2026-04-04T01:26:37+0300 Окно выполнения: Процесс 1: ERROR:  ["'priority'"]
2026-04-04T01:26:43+0300 ERROR: Завершение выполнения процесса. C:\Users\vboxuser\Documents\PR6_Chernikov_RPA_DataFrame_ Problem1_var32\process\Процесс 1.json
2026-04-04T01:28:01+0300 INFO: Запуск процесса из студии разработки. C:\Users\vboxuser\Documents\PR6_Chernikov_RPA_DataFrame_ Problem1_var32\process\Процесс 1.json
2026-04-04T01:28:07+0300 Окно выполнения: Процесс 1: ERROR:  ["'priority'"]
2026-04-04T01:28:08+0300 ERROR: Завершение выполнения процесса. C:\Users\vboxuser\Documents\PR6_Chernikov_RPA_DataFrame_ Problem1_var32\process\Процесс 1.json
2026-04-04T01:28:11+0300 INFO: Запуск процесса из студии разработки. C:\Users\vboxuser\Documents\PR6_Chernikov_RPA_DataFrame_ Problem1_var32\process\Процесс 1.json
2026-04-04T01:28:16+0300 Окно выполнения: Процесс 1: ERROR:  ["'priority'"]
2026-04-04T01:28:19+0300 ERROR: Завершение выполнения процесса. C:\Users\vboxuser\Documents\PR6_Chernikov_RPA_DataFrame_ Problem1_var32\process\Процесс 1.json
2026-04-04T01:28:29+0300 INFO: Запуск процесса из студии разработки. C:\Users\vboxuser\Documents\PR6_Chernikov_RPA_DataFrame_ Problem1_var32\process\Процесс 1.json
2026-04-04T01:28:34+0300 Окно выполнения: Процесс 1: ERROR:  ["'priority'"]
2026-04-04T01:28:37+0300 ERROR: Завершение выполнения процесса. C:\Users\vboxuser\Documents\PR6_Chernikov_RPA_DataFrame_ Problem1_var32\process\Процесс 1.json
2026-04-04T01:28:41+0300 INFO: Запуск процесса из студии разработки. C:\Users\vboxuser\Documents\PR6_Chernikov_RPA_DataFrame_ Problem1_var32\process\Процесс 1.json
2026-04-04T01:28:47+0300 Окно выполнения: Процесс 1: ERROR:  ["'priority'"]
2026-04-04T01:28:49+0300 ERROR: Завершение выполнения процесса. C:\Users\vboxuser\Documents\PR6_Chernikov_RPA_DataFrame_ Problem1_var32\process\Процесс 1.json
2026-04-04T01:29:18+0300 INFO: Запуск процесса из студии разработки. C:\Users\vboxuser\Documents\PR6_Chernikov_RPA_DataFrame_ Problem1_var32\process\Процесс 1.json
2026-04-04T01:29:23+0300 Окно выполнения: Процесс 1: ERROR:  ["'priority'"]
2026-04-04T01:29:26+0300 ERROR: Завершение выполнения процесса. C:\Users\vboxuser\Documents\PR6_Chernikov_RPA_DataFrame_ Problem1_var32\process\Процесс 1.json
2026-04-04T01:29:31+0300 INFO: Запуск процесса из студии разработки. C:\Users\vboxuser\Documents\PR6_Chernikov_RPA_DataFrame_ Problem1_var32\process\Процесс 1.json
2026-04-04T01:29:36+0300 Окно выполнения: Процесс 1: ERROR:  ["'request_id'"]
2026-04-04T01:29:38+0300 ERROR: Завершение выполнения процесса. C:\Users\vboxuser\Documents\PR6_Chernikov_RPA_DataFrame_ Problem1_var32\process\Процесс 1.json
2026-04-04T01:32:20+0300 INFO: Запуск процесса из студии разработки. C:\Users\vboxuser\Documents\PR6_Chernikov_RPA_DataFrame_ Problem1_var32\process\Процесс 1.json
2026-04-04T01:32:21+0300 INFO: Запуск процесса из студии разработки. C:\Users\vboxuser\Documents\PR6_Chernikov_RPA_DataFrame_ Problem1_var32\process\Процесс 1.json
2026-04-04T01:32:30+0300 INFO: Завершение выполнения процесса. C:\Users\vboxuser\Documents\PR6_Chernikov_RPA_DataFrame_ Problem1_var32\process\Процесс 1.json
2026-04-04T01:32:31+0300 INFO: Завершение выполнения процесса. C:\Users\vboxuser\Documents\PR6_Chernikov_RPA_DataFrame_ Problem1_var32\process\Процесс 1.json
2026-04-04T01:44:37+0300 INFO: Запуск процесса из студии разработки. C:\Users\vboxuser\Documents\PR6_Chernikov_RPA_DataFrame_ Problem1_var32\process\Процесс 1.json
2026-04-04T01:45:05+0300 INFO: Завершение выполнения процесса. C:\Users\vboxuser\Documents\PR6_Chernikov_RPA_DataFrame_ Problem1_var32\process\Процесс 1.json
2026-04-04T01:45:18+0300 INFO: Запуск процесса из студии разработки. C:\Users\vboxuser\Documents\PR6_Chernikov_RPA_DataFrame_ Problem1_var32\process\Процесс 1.json
2026-04-04T01:45:42+0300 INFO: Завершение выполнения процесса. C:\Users\vboxuser\Documents\PR6_Chernikov_RPA_DataFrame_ Problem1_var32\process\Процесс 1.json
2026-04-04T01:49:01+0300 INFO: Запуск процесса из студии разработки. C:\Users\vboxuser\Documents\PR6_Chernikov_RPA_DataFrame_ Problem1_var32\process\Процесс 1.json
2026-04-04T01:49:35+0300 INFO: Завершение выполнения процесса. C:\Users\vboxuser\Documents\PR6_Chernikov_RPA_DataFrame_ Problem1_var32\process\Процесс 1.json
